<?xml version="1.0" encoding="UTF-8"?>
<testng-results ignored="0" total="28" passed="25" failed="3" skipped="0">
  <reporter-output>
  </reporter-output>
  <suite started-at="2025-04-23T20:48:13 IST" name="Opencart App Test Regression Suite" finished-at="2025-04-23T20:48:58 IST" duration-ms="45229">
    <groups>
      <group name="sanity">
        <method signature="ProductInfoPageTest.productImagesCountTest(java.lang.String, java.lang.String, java.lang.String)[pri:2, instance:com.qa.opencart.tests.ProductInfoPageTest@4ee37ca3]" name="productImagesCountTest" class="com.qa.opencart.tests.ProductInfoPageTest"/>
      </group> <!-- sanity -->
    </groups>
    <test started-at="2025-04-23T20:48:13 IST" name="Login Page Test" finished-at="2025-04-23T20:48:28 IST" duration-ms="15273">
      <class name="com.qa.opencart.tests.LoginPageTest">
        <test-method is-config="true" signature="setUp(java.lang.String, java.lang.String, java.lang.String)[pri:0, instance:com.qa.opencart.tests.LoginPageTest@4c398c80]" started-at="2025-04-23T20:48:13 IST" name="setUp" finished-at="2025-04-23T20:48:20 IST" duration-ms="6723" status="PASS">
          <params>
            <param index="0">
              <value>
                <![CDATA[chrome]]>
              </value>
            </param>
            <param index="1">
              <value>
                <![CDATA[123.0]]>
              </value>
            </param>
            <param index="2">
              <value>
                <![CDATA[Login Page Test]]>
              </value>
            </param>
          </params>
          <reporter-output>
          </reporter-output>
        </test-method> <!-- setUp -->
        <test-method signature="mytest()[pri:0, instance:com.qa.opencart.tests.LoginPageTest@4c398c80]" started-at="2025-04-23T20:48:20 IST" name="mytest" finished-at="2025-04-23T20:48:20 IST" duration-ms="40" status="FAIL">
          <exception class="java.lang.AssertionError">
            <message>
              <![CDATA[expected [false] but found [true]]]>
            </message>
            <full-stacktrace>
              <![CDATA[java.lang.AssertionError: expected [false] but found [true]
at org.testng.Assert.fail(Assert.java:97)
at org.testng.Assert.assertEqualsImpl(Assert.java:136)
at org.testng.Assert.assertEquals(Assert.java:118)
at org.testng.Assert.assertEquals(Assert.java:751)
at org.testng.Assert.assertEquals(Assert.java:761)
at com.qa.opencart.tests.LoginPageTest.mytest(LoginPageTest.java:64)
at java.base/jdk.internal.reflect.NativeMethodAccessorImpl.invoke0(Native Method)
at java.base/jdk.internal.reflect.NativeMethodAccessorImpl.invoke(NativeMethodAccessorImpl.java:77)
at java.base/jdk.internal.reflect.DelegatingMethodAccessorImpl.invoke(DelegatingMethodAccessorImpl.java:43)
at java.base/java.lang.reflect.Method.invoke(Method.java:568)
at org.testng.internal.MethodInvocationHelper.invokeMethod(MethodInvocationHelper.java:133)
at org.testng.internal.TestInvoker.invokeMethod(TestInvoker.java:584)
at org.testng.internal.TestInvoker.invokeTestMethod(TestInvoker.java:172)
at org.testng.internal.MethodRunner.runInSequence(MethodRunner.java:46)
at org.testng.internal.TestInvoker$MethodInvocationAgent.invoke(TestInvoker.java:804)
at org.testng.internal.TestInvoker.invokeTestMethods(TestInvoker.java:145)
at org.testng.internal.TestMethodWorker.invokeTestMethods(TestMethodWorker.java:146)
at org.testng.internal.TestMethodWorker.run(TestMethodWorker.java:128)
at java.base/java.util.ArrayList.forEach(ArrayList.java:1511)
at org.testng.TestRunner.privateRun(TestRunner.java:770)
at org.testng.TestRunner.run(TestRunner.java:591)
at org.testng.SuiteRunner.runTest(SuiteRunner.java:402)
at org.testng.SuiteRunner.access$000(SuiteRunner.java:41)
at org.testng.SuiteRunner$SuiteWorker.run(SuiteRunner.java:443)
at org.testng.internal.thread.ThreadUtil.lambda$execute$0(ThreadUtil.java:67)
at java.base/java.util.concurrent.FutureTask.run(FutureTask.java:264)
at java.base/java.util.concurrent.ThreadPoolExecutor.runWorker(ThreadPoolExecutor.java:1136)
at java.base/java.util.concurrent.ThreadPoolExecutor$Worker.run(ThreadPoolExecutor.java:635)
at java.base/java.lang.Thread.run(Thread.java:840)
]]>
            </full-stacktrace>
          </exception> <!-- java.lang.AssertionError -->
          <reporter-output>
          </reporter-output>
        </test-method> <!-- mytest -->
        <test-method signature="loginPageTitleTest()[pri:1, instance:com.qa.opencart.tests.LoginPageTest@4c398c80]" started-at="2025-04-23T20:48:21 IST" name="loginPageTitleTest" finished-at="2025-04-23T20:48:21 IST" duration-ms="81" status="PASS">
          <reporter-output>
          </reporter-output>
        </test-method> <!-- loginPageTitleTest -->
        <test-method signature="loginPageURLTest()[pri:2, instance:com.qa.opencart.tests.LoginPageTest@4c398c80]" started-at="2025-04-23T20:48:21 IST" name="loginPageURLTest" finished-at="2025-04-23T20:48:21 IST" duration-ms="75" status="PASS">
          <reporter-output>
          </reporter-output>
        </test-method> <!-- loginPageURLTest -->
        <test-method signature="forgotPwdLinkExistTest()[pri:3, instance:com.qa.opencart.tests.LoginPageTest@4c398c80]" started-at="2025-04-23T20:48:21 IST" name="forgotPwdLinkExistTest" finished-at="2025-04-23T20:48:21 IST" duration-ms="173" status="PASS">
          <reporter-output>
          </reporter-output>
        </test-method> <!-- forgotPwdLinkExistTest -->
        <test-method signature="loginTest()[pri:4, instance:com.qa.opencart.tests.LoginPageTest@4c398c80]" started-at="2025-04-23T20:48:21 IST" name="loginTest" finished-at="2025-04-23T20:48:28 IST" duration-ms="7246" status="PASS">
          <reporter-output>
          </reporter-output>
        </test-method> <!-- loginTest -->
        <test-method is-config="true" signature="tearDown()[pri:0, instance:com.qa.opencart.tests.LoginPageTest@4c398c80]" started-at="2025-04-23T20:48:28 IST" name="tearDown" finished-at="2025-04-23T20:48:28 IST" duration-ms="131" status="PASS">
          <reporter-output>
          </reporter-output>
        </test-method> <!-- tearDown -->
      </class> <!-- com.qa.opencart.tests.LoginPageTest -->
    </test> <!-- Login Page Test -->
    <test started-at="2025-04-23T20:48:13 IST" name="ProductInfo Page Test" finished-at="2025-04-23T20:48:47 IST" duration-ms="33418">
      <class name="com.qa.opencart.tests.ProductInfoPageTest">
        <test-method is-config="true" signature="setUp(java.lang.String, java.lang.String, java.lang.String)[pri:0, instance:com.qa.opencart.tests.ProductInfoPageTest@4ee37ca3]" started-at="2025-04-23T20:48:13 IST" name="setUp" finished-at="2025-04-23T20:48:20 IST" duration-ms="6354" status="PASS">
          <params>
            <param index="0">
              <value>
                <![CDATA[chrome]]>
              </value>
            </param>
            <param index="1">
              <value>
                <![CDATA[126.0]]>
              </value>
            </param>
            <param index="2">
              <value>
                <![CDATA[ProductInfo Page Test]]>
              </value>
            </param>
          </params>
          <reporter-output>
          </reporter-output>
        </test-method> <!-- setUp -->
        <test-method is-config="true" signature="productInfoPageSetup()[pri:0, instance:com.qa.opencart.tests.ProductInfoPageTest@4ee37ca3]" started-at="2025-04-23T20:48:20 IST" name="productInfoPageSetup" finished-at="2025-04-23T20:48:21 IST" duration-ms="1752" status="PASS">
          <reporter-output>
          </reporter-output>
        </test-method> <!-- productInfoPageSetup -->
        <test-method signature="productHeaderTest(java.lang.String, java.lang.String)[pri:1, instance:com.qa.opencart.tests.ProductInfoPageTest@4ee37ca3]" started-at="2025-04-23T20:48:21 IST" name="productHeaderTest" data-provider="getProductData" finished-at="2025-04-23T20:48:24 IST" duration-ms="3173" status="PASS">
          <params>
            <param index="0">
              <value>
                <![CDATA[macbook]]>
              </value>
            </param>
            <param index="1">
              <value>
                <![CDATA[MacBook Pro]]>
              </value>
            </param>
          </params>
          <reporter-output>
          </reporter-output>
        </test-method> <!-- productHeaderTest -->
        <test-method signature="productHeaderTest(java.lang.String, java.lang.String)[pri:1, instance:com.qa.opencart.tests.ProductInfoPageTest@4ee37ca3]" started-at="2025-04-23T20:48:24 IST" name="productHeaderTest" data-provider="getProductData" finished-at="2025-04-23T20:48:27 IST" duration-ms="2305" status="PASS">
          <params>
            <param index="0">
              <value>
                <![CDATA[imac]]>
              </value>
            </param>
            <param index="1">
              <value>
                <![CDATA[iMac]]>
              </value>
            </param>
          </params>
          <reporter-output>
          </reporter-output>
        </test-method> <!-- productHeaderTest -->
        <test-method signature="productHeaderTest(java.lang.String, java.lang.String)[pri:1, instance:com.qa.opencart.tests.ProductInfoPageTest@4ee37ca3]" started-at="2025-04-23T20:48:27 IST" name="productHeaderTest" data-provider="getProductData" finished-at="2025-04-23T20:48:29 IST" duration-ms="1994" status="PASS">
          <params>
            <param index="0">
              <value>
                <![CDATA[samsung]]>
              </value>
            </param>
            <param index="1">
              <value>
                <![CDATA[Samsung SyncMaster 941BW]]>
              </value>
            </param>
          </params>
          <reporter-output>
          </reporter-output>
        </test-method> <!-- productHeaderTest -->
        <test-method signature="productHeaderTest(java.lang.String, java.lang.String)[pri:1, instance:com.qa.opencart.tests.ProductInfoPageTest@4ee37ca3]" started-at="2025-04-23T20:48:29 IST" name="productHeaderTest" data-provider="getProductData" finished-at="2025-04-23T20:48:31 IST" duration-ms="1876" status="PASS">
          <params>
            <param index="0">
              <value>
                <![CDATA[samsung]]>
              </value>
            </param>
            <param index="1">
              <value>
                <![CDATA[Samsung Galaxy Tab 10.1]]>
              </value>
            </param>
          </params>
          <reporter-output>
          </reporter-output>
        </test-method> <!-- productHeaderTest -->
        <test-method signature="productHeaderTest(java.lang.String, java.lang.String)[pri:1, instance:com.qa.opencart.tests.ProductInfoPageTest@4ee37ca3]" started-at="2025-04-23T20:48:31 IST" name="productHeaderTest" data-provider="getProductData" finished-at="2025-04-23T20:48:33 IST" duration-ms="2037" status="PASS">
          <params>
            <param index="0">
              <value>
                <![CDATA[canon]]>
              </value>
            </param>
            <param index="1">
              <value>
                <![CDATA[Canon EOS 5D]]>
              </value>
            </param>
          </params>
          <reporter-output>
          </reporter-output>
        </test-method> <!-- productHeaderTest -->
        <test-method signature="productImagesCountTest(java.lang.String, java.lang.String, java.lang.String)[pri:2, instance:com.qa.opencart.tests.ProductInfoPageTest@4ee37ca3]" started-at="2025-04-23T20:48:33 IST" name="productImagesCountTest" data-provider="getProductImageSheetData" finished-at="2025-04-23T20:48:35 IST" duration-ms="2492" status="PASS">
          <params>
            <param index="0">
              <value>
                <![CDATA[macbook]]>
              </value>
            </param>
            <param index="1">
              <value>
                <![CDATA[MacBook Pro]]>
              </value>
            </param>
            <param index="2">
              <value>
                <![CDATA[4]]>
              </value>
            </param>
          </params>
          <reporter-output>
          </reporter-output>
        </test-method> <!-- productImagesCountTest -->
        <test-method signature="productImagesCountTest(java.lang.String, java.lang.String, java.lang.String)[pri:2, instance:com.qa.opencart.tests.ProductInfoPageTest@4ee37ca3]" started-at="2025-04-23T20:48:35 IST" name="productImagesCountTest" data-provider="getProductImageSheetData" finished-at="2025-04-23T20:48:38 IST" duration-ms="2503" status="PASS">
          <params>
            <param index="0">
              <value>
                <![CDATA[imac]]>
              </value>
            </param>
            <param index="1">
              <value>
                <![CDATA[iMac]]>
              </value>
            </param>
            <param index="2">
              <value>
                <![CDATA[3]]>
              </value>
            </param>
          </params>
          <reporter-output>
          </reporter-output>
        </test-method> <!-- productImagesCountTest -->
        <test-method signature="productImagesCountTest(java.lang.String, java.lang.String, java.lang.String)[pri:2, instance:com.qa.opencart.tests.ProductInfoPageTest@4ee37ca3]" started-at="2025-04-23T20:48:38 IST" name="productImagesCountTest" data-provider="getProductImageSheetData" finished-at="2025-04-23T20:48:40 IST" duration-ms="2228" status="PASS">
          <params>
            <param index="0">
              <value>
                <![CDATA[samsung]]>
              </value>
            </param>
            <param index="1">
              <value>
                <![CDATA[Samsung SyncMaster 941BW]]>
              </value>
            </param>
            <param index="2">
              <value>
                <![CDATA[1]]>
              </value>
            </param>
          </params>
          <reporter-output>
          </reporter-output>
        </test-method> <!-- productImagesCountTest -->
        <test-method signature="productImagesCountTest(java.lang.String, java.lang.String, java.lang.String)[pri:2, instance:com.qa.opencart.tests.ProductInfoPageTest@4ee37ca3]" started-at="2025-04-23T20:48:40 IST" name="productImagesCountTest" data-provider="getProductImageSheetData" finished-at="2025-04-23T20:48:42 IST" duration-ms="1955" status="PASS">
          <params>
            <param index="0">
              <value>
                <![CDATA[samsung]]>
              </value>
            </param>
            <param index="1">
              <value>
                <![CDATA[Samsung Galaxy Tab 10.1]]>
              </value>
            </param>
            <param index="2">
              <value>
                <![CDATA[7]]>
              </value>
            </param>
          </params>
          <reporter-output>
          </reporter-output>
        </test-method> <!-- productImagesCountTest -->
        <test-method signature="productImagesCountTest(java.lang.String, java.lang.String, java.lang.String)[pri:2, instance:com.qa.opencart.tests.ProductInfoPageTest@4ee37ca3]" started-at="2025-04-23T20:48:42 IST" name="productImagesCountTest" data-provider="getProductImageSheetData" finished-at="2025-04-23T20:48:44 IST" duration-ms="1897" status="PASS">
          <params>
            <param index="0">
              <value>
                <![CDATA[canon]]>
              </value>
            </param>
            <param index="1">
              <value>
                <![CDATA[Canon EOS 5D]]>
              </value>
            </param>
            <param index="2">
              <value>
                <![CDATA[3]]>
              </value>
            </param>
          </params>
          <reporter-output>
          </reporter-output>
        </test-method> <!-- productImagesCountTest -->
        <test-method signature="productInfoTest()[pri:3, instance:com.qa.opencart.tests.ProductInfoPageTest@4ee37ca3]" started-at="2025-04-23T20:48:44 IST" name="productInfoTest" finished-at="2025-04-23T20:48:46 IST" duration-ms="2385" status="PASS">
          <reporter-output>
          </reporter-output>
        </test-method> <!-- productInfoTest -->
        <test-method is-config="true" signature="tearDown()[pri:0, instance:com.qa.opencart.tests.ProductInfoPageTest@4ee37ca3]" started-at="2025-04-23T20:48:47 IST" name="tearDown" finished-at="2025-04-23T20:48:47 IST" duration-ms="87" status="PASS">
          <reporter-output>
          </reporter-output>
        </test-method> <!-- tearDown -->
      </class> <!-- com.qa.opencart.tests.ProductInfoPageTest -->
    </test> <!-- ProductInfo Page Test -->
    <test started-at="2025-04-23T20:48:13 IST" name="Accounts Page Test" finished-at="2025-04-23T20:48:50 IST" duration-ms="36626">
      <class name="com.qa.opencart.tests.AccountsPageTest">
        <test-method is-config="true" signature="setUp(java.lang.String, java.lang.String, java.lang.String)[pri:0, instance:com.qa.opencart.tests.AccountsPageTest@1f2f9244]" started-at="2025-04-23T20:48:13 IST" name="setUp" finished-at="2025-04-23T20:48:20 IST" duration-ms="6611" status="PASS">
          <params>
            <param index="0">
              <value>
                <![CDATA[chrome]]>
              </value>
            </param>
            <param index="1">
              <value>
                <![CDATA[125.0]]>
              </value>
            </param>
            <param index="2">
              <value>
                <![CDATA[Accounts Page Test]]>
              </value>
            </param>
          </params>
          <reporter-output>
          </reporter-output>
        </test-method> <!-- setUp -->
        <test-method is-config="true" signature="accSetUp()[pri:0, instance:com.qa.opencart.tests.AccountsPageTest@1f2f9244]" started-at="2025-04-23T20:48:20 IST" name="accSetUp" finished-at="2025-04-23T20:48:22 IST" duration-ms="1848" status="PASS">
          <reporter-output>
          </reporter-output>
        </test-method> <!-- accSetUp -->
        <test-method signature="accPageTitleTest()[pri:1, instance:com.qa.opencart.tests.AccountsPageTest@1f2f9244]" started-at="2025-04-23T20:48:22 IST" name="accPageTitleTest" finished-at="2025-04-23T20:48:27 IST" duration-ms="5561" status="FAIL">
          <exception class="java.lang.AssertionError">
            <message>
              <![CDATA[====TITLE NOT FOUND===== expected [My Account] but found [Account Login]]]>
            </message>
            <full-stacktrace>
              <![CDATA[java.lang.AssertionError: ====TITLE NOT FOUND===== expected [My Account] but found [Account Login]
at org.testng.Assert.fail(Assert.java:97)
at org.testng.Assert.assertEqualsImpl(Assert.java:136)
at org.testng.Assert.assertEquals(Assert.java:118)
at org.testng.Assert.assertEquals(Assert.java:575)
at com.qa.opencart.tests.AccountsPageTest.accPageTitleTest(AccountsPageTest.java:36)
at java.base/jdk.internal.reflect.NativeMethodAccessorImpl.invoke0(Native Method)
at java.base/jdk.internal.reflect.NativeMethodAccessorImpl.invoke(NativeMethodAccessorImpl.java:77)
at java.base/jdk.internal.reflect.DelegatingMethodAccessorImpl.invoke(DelegatingMethodAccessorImpl.java:43)
at java.base/java.lang.reflect.Method.invoke(Method.java:568)
at org.testng.internal.MethodInvocationHelper.invokeMethod(MethodInvocationHelper.java:133)
at org.testng.internal.TestInvoker.invokeMethod(TestInvoker.java:584)
at org.testng.internal.TestInvoker.invokeTestMethod(TestInvoker.java:172)
at org.testng.internal.MethodRunner.runInSequence(MethodRunner.java:46)
at org.testng.internal.TestInvoker$MethodInvocationAgent.invoke(TestInvoker.java:804)
at org.testng.internal.TestInvoker.invokeTestMethods(TestInvoker.java:145)
at org.testng.internal.TestMethodWorker.invokeTestMethods(TestMethodWorker.java:146)
at org.testng.internal.TestMethodWorker.run(TestMethodWorker.java:128)
at java.base/java.util.ArrayList.forEach(ArrayList.java:1511)
at org.testng.TestRunner.privateRun(TestRunner.java:770)
at org.testng.TestRunner.run(TestRunner.java:591)
at org.testng.SuiteRunner.runTest(SuiteRunner.java:402)
at org.testng.SuiteRunner.access$000(SuiteRunner.java:41)
at org.testng.SuiteRunner$SuiteWorker.run(SuiteRunner.java:443)
at org.testng.internal.thread.ThreadUtil.lambda$execute$0(ThreadUtil.java:67)
at java.base/java.util.concurrent.FutureTask.run(FutureTask.java:264)
at java.base/java.util.concurrent.ThreadPoolExecutor.runWorker(ThreadPoolExecutor.java:1136)
at java.base/java.util.concurrent.ThreadPoolExecutor$Worker.run(ThreadPoolExecutor.java:635)
at java.base/java.lang.Thread.run(Thread.java:840)
]]>
            </full-stacktrace>
          </exception> <!-- java.lang.AssertionError -->
          <reporter-output>
          </reporter-output>
        </test-method> <!-- accPageTitleTest -->
        <test-method signature="accPageURLTest()[pri:2, instance:com.qa.opencart.tests.AccountsPageTest@1f2f9244]" started-at="2025-04-23T20:48:28 IST" name="accPageURLTest" finished-at="2025-04-23T20:48:33 IST" duration-ms="5537" status="PASS">
          <reporter-output>
          </reporter-output>
        </test-method> <!-- accPageURLTest -->
        <test-method signature="accPageHeadersTest()[pri:3, instance:com.qa.opencart.tests.AccountsPageTest@1f2f9244]" started-at="2025-04-23T20:48:33 IST" name="accPageHeadersTest" finished-at="2025-04-23T20:48:33 IST" duration-ms="259" status="FAIL">
          <exception class="java.lang.AssertionError">
            <message>
              <![CDATA[====LIST IS NOT MATCHED OR EMPTY: lists don't have the same size expected [4] but found [2]]]>
            </message>
            <full-stacktrace>
              <![CDATA[java.lang.AssertionError: ====LIST IS NOT MATCHED OR EMPTY: lists don't have the same size expected [4] but found [2]
at org.testng.Assert.fail(Assert.java:97)
at org.testng.Assert.assertEqualsImpl(Assert.java:136)
at org.testng.Assert.assertEquals(Assert.java:118)
at org.testng.Assert.assertEquals(Assert.java:839)
at org.testng.Assert.assertEquals(Assert.java:1019)
at com.qa.opencart.tests.AccountsPageTest.accPageHeadersTest(AccountsPageTest.java:51)
at java.base/jdk.internal.reflect.NativeMethodAccessorImpl.invoke0(Native Method)
at java.base/jdk.internal.reflect.NativeMethodAccessorImpl.invoke(NativeMethodAccessorImpl.java:77)
at java.base/jdk.internal.reflect.DelegatingMethodAccessorImpl.invoke(DelegatingMethodAccessorImpl.java:43)
at java.base/java.lang.reflect.Method.invoke(Method.java:568)
at org.testng.internal.MethodInvocationHelper.invokeMethod(MethodInvocationHelper.java:133)
at org.testng.internal.TestInvoker.invokeMethod(TestInvoker.java:584)
at org.testng.internal.TestInvoker.invokeTestMethod(TestInvoker.java:172)
at org.testng.internal.MethodRunner.runInSequence(MethodRunner.java:46)
at org.testng.internal.TestInvoker$MethodInvocationAgent.invoke(TestInvoker.java:804)
at org.testng.internal.TestInvoker.invokeTestMethods(TestInvoker.java:145)
at org.testng.internal.TestMethodWorker.invokeTestMethods(TestMethodWorker.java:146)
at org.testng.internal.TestMethodWorker.run(TestMethodWorker.java:128)
at java.base/java.util.ArrayList.forEach(ArrayList.java:1511)
at org.testng.TestRunner.privateRun(TestRunner.java:770)
at org.testng.TestRunner.run(TestRunner.java:591)
at org.testng.SuiteRunner.runTest(SuiteRunner.java:402)
at org.testng.SuiteRunner.access$000(SuiteRunner.java:41)
at org.testng.SuiteRunner$SuiteWorker.run(SuiteRunner.java:443)
at org.testng.internal.thread.ThreadUtil.lambda$execute$0(ThreadUtil.java:67)
at java.base/java.util.concurrent.FutureTask.run(FutureTask.java:264)
at java.base/java.util.concurrent.ThreadPoolExecutor.runWorker(ThreadPoolExecutor.java:1136)
at java.base/java.util.concurrent.ThreadPoolExecutor$Worker.run(ThreadPoolExecutor.java:635)
at java.base/java.lang.Thread.run(Thread.java:840)
]]>
            </full-stacktrace>
          </exception> <!-- java.lang.AssertionError -->
          <reporter-output>
          </reporter-output>
        </test-method> <!-- accPageHeadersTest -->
        <test-method signature="searchTest(java.lang.String, int)[pri:4, instance:com.qa.opencart.tests.AccountsPageTest@1f2f9244]" started-at="2025-04-23T20:48:34 IST" name="searchTest" data-provider="getSearchData" finished-at="2025-04-23T20:48:36 IST" duration-ms="1533" status="PASS">
          <params>
            <param index="0">
              <value>
                <![CDATA[macbook]]>
              </value>
            </param>
            <param index="1">
              <value>
                <![CDATA[3]]>
              </value>
            </param>
          </params>
          <reporter-output>
          </reporter-output>
        </test-method> <!-- searchTest -->
        <test-method signature="searchTest(java.lang.String, int)[pri:4, instance:com.qa.opencart.tests.AccountsPageTest@1f2f9244]" started-at="2025-04-23T20:48:36 IST" name="searchTest" data-provider="getSearchData" finished-at="2025-04-23T20:48:37 IST" duration-ms="1184" status="PASS">
          <params>
            <param index="0">
              <value>
                <![CDATA[imac]]>
              </value>
            </param>
            <param index="1">
              <value>
                <![CDATA[1]]>
              </value>
            </param>
          </params>
          <reporter-output>
          </reporter-output>
        </test-method> <!-- searchTest -->
        <test-method signature="searchTest(java.lang.String, int)[pri:4, instance:com.qa.opencart.tests.AccountsPageTest@1f2f9244]" started-at="2025-04-23T20:48:37 IST" name="searchTest" data-provider="getSearchData" finished-at="2025-04-23T20:48:38 IST" duration-ms="1364" status="PASS">
          <params>
            <param index="0">
              <value>
                <![CDATA[samsung]]>
              </value>
            </param>
            <param index="1">
              <value>
                <![CDATA[2]]>
              </value>
            </param>
          </params>
          <reporter-output>
          </reporter-output>
        </test-method> <!-- searchTest -->
        <test-method signature="searchTest(java.lang.String, int)[pri:4, instance:com.qa.opencart.tests.AccountsPageTest@1f2f9244]" started-at="2025-04-23T20:48:38 IST" name="searchTest" data-provider="getSearchData" finished-at="2025-04-23T20:48:50 IST" duration-ms="11631" status="PASS">
          <params>
            <param index="0">
              <value>
                <![CDATA[Airtel]]>
              </value>
            </param>
            <param index="1">
              <value>
                <![CDATA[0]]>
              </value>
            </param>
          </params>
          <reporter-output>
          </reporter-output>
        </test-method> <!-- searchTest -->
        <test-method is-config="true" signature="tearDown()[pri:0, instance:com.qa.opencart.tests.AccountsPageTest@1f2f9244]" started-at="2025-04-23T20:48:50 IST" name="tearDown" finished-at="2025-04-23T20:48:50 IST" duration-ms="80" status="PASS">
          <reporter-output>
          </reporter-output>
        </test-method> <!-- tearDown -->
      </class> <!-- com.qa.opencart.tests.AccountsPageTest -->
    </test> <!-- Accounts Page Test -->
    <test started-at="2025-04-23T20:48:13 IST" name="Reg Page Test" finished-at="2025-04-23T20:48:58 IST" duration-ms="45229">
      <class name="com.qa.opencart.tests.RegisterPageTest">
        <test-method is-config="true" signature="setUp(java.lang.String, java.lang.String, java.lang.String)[pri:0, instance:com.qa.opencart.tests.RegisterPageTest@22b53226]" started-at="2025-04-23T20:48:13 IST" name="setUp" finished-at="2025-04-23T20:48:25 IST" duration-ms="11912" status="PASS">
          <params>
            <param index="0">
              <value>
                <![CDATA[firefox]]>
              </value>
            </param>
            <param index="1">
              <value>
                <![CDATA[124.0]]>
              </value>
            </param>
            <param index="2">
              <value>
                <![CDATA[Reg Page Test]]>
              </value>
            </param>
          </params>
          <reporter-output>
          </reporter-output>
        </test-method> <!-- setUp -->
        <test-method is-config="true" signature="regSetup()[pri:0, instance:com.qa.opencart.tests.RegisterPageTest@22b53226]" started-at="2025-04-23T20:48:25 IST" name="regSetup" finished-at="2025-04-23T20:48:27 IST" duration-ms="1839" status="PASS">
          <reporter-output>
          </reporter-output>
        </test-method> <!-- regSetup -->
        <test-method signature="userRegisterationTest(java.lang.String, java.lang.String, java.lang.String, java.lang.String, java.lang.String)[pri:1, instance:com.qa.opencart.tests.RegisterPageTest@22b53226]" started-at="2025-04-23T20:48:28 IST" name="userRegisterationTest" data-provider="userRegTestDataFromSheet" finished-at="2025-04-23T20:48:34 IST" duration-ms="5925" status="PASS">
          <params>
            <param index="0">
              <value>
                <![CDATA[Arti]]>
              </value>
            </param>
            <param index="1">
              <value>
                <![CDATA[automation]]>
              </value>
            </param>
            <param index="2">
              <value>
                <![CDATA[98765456765]]>
              </value>
            </param>
            <param index="3">
              <value>
                <![CDATA[arti@123]]>
              </value>
            </param>
            <param index="4">
              <value>
                <![CDATA[yes]]>
              </value>
            </param>
          </params>
          <reporter-output>
          </reporter-output>
        </test-method> <!-- userRegisterationTest -->
        <test-method signature="userRegisterationTest(java.lang.String, java.lang.String, java.lang.String, java.lang.String, java.lang.String)[pri:1, instance:com.qa.opencart.tests.RegisterPageTest@22b53226]" started-at="2025-04-23T20:48:34 IST" name="userRegisterationTest" data-provider="userRegTestDataFromSheet" finished-at="2025-04-23T20:48:40 IST" duration-ms="6390" status="PASS">
          <params>
            <param index="0">
              <value>
                <![CDATA[Praful]]>
              </value>
            </param>
            <param index="1">
              <value>
                <![CDATA[automation]]>
              </value>
            </param>
            <param index="2">
              <value>
                <![CDATA[98765456788]]>
              </value>
            </param>
            <param index="3">
              <value>
                <![CDATA[praful@123]]>
              </value>
            </param>
            <param index="4">
              <value>
                <![CDATA[no]]>
              </value>
            </param>
          </params>
          <reporter-output>
          </reporter-output>
        </test-method> <!-- userRegisterationTest -->
        <test-method signature="userRegisterationTest(java.lang.String, java.lang.String, java.lang.String, java.lang.String, java.lang.String)[pri:1, instance:com.qa.opencart.tests.RegisterPageTest@22b53226]" started-at="2025-04-23T20:48:40 IST" name="userRegisterationTest" data-provider="userRegTestDataFromSheet" finished-at="2025-04-23T20:48:46 IST" duration-ms="5284" status="PASS">
          <params>
            <param index="0">
              <value>
                <![CDATA[Madhu]]>
              </value>
            </param>
            <param index="1">
              <value>
                <![CDATA[automation]]>
              </value>
            </param>
            <param index="2">
              <value>
                <![CDATA[99765456788]]>
              </value>
            </param>
            <param index="3">
              <value>
                <![CDATA[madhu@123]]>
              </value>
            </param>
            <param index="4">
              <value>
                <![CDATA[yes]]>
              </value>
            </param>
          </params>
          <reporter-output>
          </reporter-output>
        </test-method> <!-- userRegisterationTest -->
        <test-method signature="userRegisterationTest(java.lang.String, java.lang.String, java.lang.String, java.lang.String, java.lang.String)[pri:1, instance:com.qa.opencart.tests.RegisterPageTest@22b53226]" started-at="2025-04-23T20:48:46 IST" name="userRegisterationTest" data-provider="userRegTestDataFromSheet" finished-at="2025-04-23T20:48:51 IST" duration-ms="5454" status="PASS">
          <params>
            <param index="0">
              <value>
                <![CDATA[Tom]]>
              </value>
            </param>
            <param index="1">
              <value>
                <![CDATA[automation]]>
              </value>
            </param>
            <param index="2">
              <value>
                <![CDATA[98765456701]]>
              </value>
            </param>
            <param index="3">
              <value>
                <![CDATA[praful@123]]>
              </value>
            </param>
            <param index="4">
              <value>
                <![CDATA[no]]>
              </value>
            </param>
          </params>
          <reporter-output>
          </reporter-output>
        </test-method> <!-- userRegisterationTest -->
        <test-method signature="userRegisterationTest(java.lang.String, java.lang.String, java.lang.String, java.lang.String, java.lang.String)[pri:1, instance:com.qa.opencart.tests.RegisterPageTest@22b53226]" started-at="2025-04-23T20:48:51 IST" name="userRegisterationTest" data-provider="userRegTestDataFromSheet" finished-at="2025-04-23T20:48:57 IST" duration-ms="6266" status="PASS">
          <params>
            <param index="0">
              <value>
                <![CDATA[Peter]]>
              </value>
            </param>
            <param index="1">
              <value>
                <![CDATA[automation]]>
              </value>
            </param>
            <param index="2">
              <value>
                <![CDATA[99765456702]]>
              </value>
            </param>
            <param index="3">
              <value>
                <![CDATA[madhu@123]]>
              </value>
            </param>
            <param index="4">
              <value>
                <![CDATA[yes]]>
              </value>
            </param>
          </params>
          <reporter-output>
          </reporter-output>
        </test-method> <!-- userRegisterationTest -->
        <test-method is-config="true" signature="tearDown()[pri:0, instance:com.qa.opencart.tests.RegisterPageTest@22b53226]" started-at="2025-04-23T20:48:57 IST" name="tearDown" finished-at="2025-04-23T20:48:58 IST" duration-ms="1016" status="PASS">
          <reporter-output>
          </reporter-output>
        </test-method> <!-- tearDown -->
      </class> <!-- com.qa.opencart.tests.RegisterPageTest -->
    </test> <!-- Reg Page Test -->
  </suite> <!-- Opencart App Test Regression Suite -->
</testng-results>
